<?xml version='1.0'?>
<ns2:test-suite xmlns:ns2='urn:model.allure.qatools.yandex.ru' start='1642843651623' stop='1642843652452'>
    <name>working with created email</name>
    <title>working with created email</title>
    <test-cases>
        <test-case start='1642843651623' status='passed' stop='1642843651796'>
            <name>should verify that created email is in draft folder</name>
            <title>should verify that created email is in draft folder</title>
            <labels>
                <label name='language' value='javascript'/>
                <label name='framework' value='wdio'/>
                <label name='thread' value='0-0'/>
            </labels>
            <parameters>
                <parameter kind='argument' name='browser' value='chrome-97.0.4692.99'/>
            </parameters>
            <steps>
                <step start='1642843651623' status='passed' stop='1642843651639'>
                    <name>POST /session/:sessionId/element</name>
                    <title>POST /session/:sessionId/element</title>
                    <attachments>
                        <attachment title='Request' source='b201e994-98d2-472e-afce-cdef87f28e85-attachment.json' type='application/json' size='77'/>
                        <attachment title='Response' source='992ec77a-faab-4e84-a3f4-b35e8e220f08-attachment.json' type='application/json' size='83'/>
                    </attachments>
                    <steps/>
                </step>
                <step start='1642843651641' status='passed' stop='1642843651795'>
                    <name>POST /session/:sessionId/element/733ef1a0-277f-46ef-ad40-1f30ff11e059/click</name>
                    <title>POST /session/:sessionId/element/733ef1a0-277f-46ef-ad40-1f30ff11e059/click</title>
                    <attachments/>
                    <steps/>
                </step>
            </steps>
            <attachments/>
        </test-case>
        <test-case start='1642843651796' status='broken' stop='1642843652208'>
            <name>should open last email in drafts</name>
            <title>should open last email in drafts</title>
            <labels>
                <label name='language' value='javascript'/>
                <label name='framework' value='wdio'/>
                <label name='thread' value='0-0'/>
            </labels>
            <parameters>
                <parameter kind='argument' name='browser' value='chrome-97.0.4692.99'/>
            </parameters>
            <steps>
                <step start='1642843651797' status='passed' stop='1642843651823'>
                    <name>POST /session/:sessionId/element</name>
                    <title>POST /session/:sessionId/element</title>
                    <attachments>
                        <attachment title='Request' source='ce9b9519-dfde-4092-94e8-b2c4b351004b-attachment.json' type='application/json' size='86'/>
                        <attachment title='Response' source='b7ce01fb-8fb2-4629-ad72-8b8fb6f5b3e8-attachment.json' type='application/json' size='1060'/>
                    </attachments>
                    <steps/>
                </step>
                <step start='1642843651824' status='broken' stop='1642843652207'>
                    <name>POST /session/:sessionId/element</name>
                    <title>POST /session/:sessionId/element</title>
                    <attachments>
                        <attachment title='Request' source='60b32493-691b-47ad-a0b6-5170223cf757-attachment.json' type='application/json' size='1177'/>
                    </attachments>
                    <steps>
                        <step start='1642843651917' status='passed' stop='1642843652207'>
                            <name>GET /session/:sessionId/screenshot</name>
                            <title>GET /session/:sessionId/screenshot</title>
                            <attachments>
                                <attachment title='Screenshot' source='01b83bad-5c3b-4030-a9e8-576a04f36cd3-attachment.png' type='image/png' size='295942'/>
                            </attachments>
                            <steps/>
                        </step>
                    </steps>
                </step>
            </steps>
            <attachments/>
            <failure>
                <message>invalid argument: invalid locator
                  (Session info: chrome=97.0.4692.99)</message>
                <stack-trace>Backtrace:
                	Ordinal0 [0x00FBFDC3+2555331]
                	Ordinal0 [0x00F577F1+2127857]
                	Ordinal0 [0x00E52E08+1060360]
                	Ordinal0 [0x00E7E61A+1238554]
                	Ordinal0 [0x00E7E69B+1238683]
                	Ordinal0 [0x00EA9252+1413714]
                	Ordinal0 [0x00E97B54+1342292]
                	Ordinal0 [0x00EA75FA+1406458]
                	Ordinal0 [0x00E97976+1341814]
                	Ordinal0 [0x00E736B6+1193654]
                	Ordinal0 [0x00E74546+1197382]
                	GetHandleVerifier [0x01159622+1619522]
                	GetHandleVerifier [0x0120882C+2336844]
                	GetHandleVerifier [0x010523E1+541697]
                	GetHandleVerifier [0x01051443+537699]
                	Ordinal0 [0x00F5D18E+2150798]
                	Ordinal0 [0x00F61518+2168088]
                	Ordinal0 [0x00F61660+2168416]
                	Ordinal0 [0x00F6B330+2208560]
                	BaseThreadInitThunk [0x74FDFA29+25]
                	RtlGetAppContainerNamedObjectPath [0x77167A9E+286]
                	RtlGetAppContainerNamedObjectPath [0x77167A6E+238]
                </stack-trace>
            </failure>
        </test-case>
        <test-case start='1642843652208' status='failed' stop='1642843652452'>
            <name>should verify that body of email is correct</name>
            <title>should verify that body of email is correct</title>
            <labels>
                <label name='language' value='javascript'/>
                <label name='framework' value='wdio'/>
                <label name='thread' value='0-0'/>
            </labels>
            <parameters>
                <parameter kind='argument' name='browser' value='chrome-97.0.4692.99'/>
            </parameters>
            <steps>
                <step start='1642843652208' status='passed' stop='1642843652218'>
                    <name>GET /session/:sessionId/title</name>
                    <title>GET /session/:sessionId/title</title>
                    <attachments>
                        <attachment title='Response' source='51b9ab42-7fd0-40ba-b7c9-bb2506ff3771-attachment.json' type='application/json' size='19'/>
                    </attachments>
                    <steps/>
                </step>
                <step start='1642843652223' status='passed' stop='1642843652442'>
                    <name>GET /session/:sessionId/screenshot</name>
                    <title>GET /session/:sessionId/screenshot</title>
                    <attachments>
                        <attachment title='Screenshot' source='504bedb0-1334-4098-846f-cf3a859c4017-attachment.png' type='image/png' size='304546'/>
                    </attachments>
                    <steps/>
                </step>
            </steps>
            <attachments/>
            <failure>
                <message>expect(received).toStrictEqual(expected) // deep equality
                
                Expected: "Ihar_Vaskaboinikau@epam.com"
                Received: "1 Новое сообщение"</message>
                <stack-trace>Error: expect(received).toStrictEqual(expected) // deep equality
                
                Expected: "Ihar_Vaskaboinikau@epam.com"
                Received: "1 Новое сообщение"
                    at Context.&lt;anonymous> (C:\Users\Ihar_Vaskaboinikau\Desktop\WebdriverIO-Mocha-JS\test\specs\/qaTask1.js:69:42)
                    at processTicksAndRejections (node:internal/process/task_queues:96:5)</stack-trace>
            </failure>
        </test-case>
    </test-cases>
</ns2:test-suite>