<?xml version='1.0'?>
<ns2:test-suite xmlns:ns2='urn:model.allure.qatools.yandex.ru' start='1642844311150' stop='1642844312125'>
    <name>working with created email</name>
    <title>working with created email</title>
    <test-cases>
        <test-case start='1642844311150' status='passed' stop='1642844311314'>
            <name>should verify that created email is in draft folder</name>
            <title>should verify that created email is in draft folder</title>
            <labels>
                <label name='language' value='javascript'/>
                <label name='framework' value='wdio'/>
                <label name='thread' value='0-0'/>
            </labels>
            <parameters>
                <parameter kind='argument' name='browser' value='chrome-97.0.4692.99'/>
            </parameters>
            <steps>
                <step start='1642844311150' status='passed' stop='1642844311170'>
                    <name>POST /session/:sessionId/element</name>
                    <title>POST /session/:sessionId/element</title>
                    <attachments>
                        <attachment title='Request' source='09e56262-7d4a-4704-a357-89f5236fe3c9-attachment.json' type='application/json' size='77'/>
                        <attachment title='Response' source='1f115f28-7b89-45cf-ae74-149510e314cd-attachment.json' type='application/json' size='83'/>
                    </attachments>
                    <steps/>
                </step>
                <step start='1642844311173' status='passed' stop='1642844311314'>
                    <name>POST /session/:sessionId/element/8c65621e-1004-46cd-82bb-fcff96ca82a3/click</name>
                    <title>POST /session/:sessionId/element/8c65621e-1004-46cd-82bb-fcff96ca82a3/click</title>
                    <attachments/>
                    <steps/>
                </step>
            </steps>
            <attachments/>
        </test-case>
        <test-case start='1642844311316' status='broken' stop='1642844311788'>
            <name>should open last email in drafts</name>
            <title>should open last email in drafts</title>
            <labels>
                <label name='language' value='javascript'/>
                <label name='framework' value='wdio'/>
                <label name='thread' value='0-0'/>
            </labels>
            <parameters>
                <parameter kind='argument' name='browser' value='chrome-97.0.4692.99'/>
            </parameters>
            <steps>
                <step start='1642844311316' status='passed' stop='1642844311347'>
                    <name>POST /session/:sessionId/element</name>
                    <title>POST /session/:sessionId/element</title>
                    <attachments>
                        <attachment title='Request' source='8b870f15-6b53-4962-968d-668fe88c93d6-attachment.json' type='application/json' size='86'/>
                        <attachment title='Response' source='526354c6-15f5-4424-9682-7c0dab07ad32-attachment.json' type='application/json' size='1060'/>
                    </attachments>
                    <steps/>
                </step>
                <step start='1642844311347' status='broken' stop='1642844311788'>
                    <name>POST /session/:sessionId/element</name>
                    <title>POST /session/:sessionId/element</title>
                    <attachments>
                        <attachment title='Request' source='98f4b1ae-d884-4e0e-9b95-51f9078e4b09-attachment.json' type='application/json' size='1177'/>
                    </attachments>
                    <steps>
                        <step start='1642844311377' status='passed' stop='1642844311787'>
                            <name>GET /session/:sessionId/screenshot</name>
                            <title>GET /session/:sessionId/screenshot</title>
                            <attachments>
                                <attachment title='Screenshot' source='2c35c567-b95e-487b-af69-bad47b2a9b39-attachment.png' type='image/png' size='330374'/>
                            </attachments>
                            <steps/>
                        </step>
                    </steps>
                </step>
            </steps>
            <attachments/>
            <failure>
                <message>invalid argument: invalid locator
                  (Session info: chrome=97.0.4692.99)</message>
                <stack-trace>Backtrace:
                	Ordinal0 [0x00FBFDC3+2555331]
                	Ordinal0 [0x00F577F1+2127857]
                	Ordinal0 [0x00E52E08+1060360]
                	Ordinal0 [0x00E7E61A+1238554]
                	Ordinal0 [0x00E7E69B+1238683]
                	Ordinal0 [0x00EA9252+1413714]
                	Ordinal0 [0x00E97B54+1342292]
                	Ordinal0 [0x00EA75FA+1406458]
                	Ordinal0 [0x00E97976+1341814]
                	Ordinal0 [0x00E736B6+1193654]
                	Ordinal0 [0x00E74546+1197382]
                	GetHandleVerifier [0x01159622+1619522]
                	GetHandleVerifier [0x0120882C+2336844]
                	GetHandleVerifier [0x010523E1+541697]
                	GetHandleVerifier [0x01051443+537699]
                	Ordinal0 [0x00F5D18E+2150798]
                	Ordinal0 [0x00F61518+2168088]
                	Ordinal0 [0x00F61660+2168416]
                	Ordinal0 [0x00F6B330+2208560]
                	BaseThreadInitThunk [0x74FDFA29+25]
                	RtlGetAppContainerNamedObjectPath [0x77167A9E+286]
                	RtlGetAppContainerNamedObjectPath [0x77167A6E+238]
                </stack-trace>
            </failure>
        </test-case>
        <test-case start='1642844311788' status='broken' stop='1642844312116'>
            <name>should verify that body of draft email is correct</name>
            <title>should verify that body of draft email is correct</title>
            <labels>
                <label name='language' value='javascript'/>
                <label name='framework' value='wdio'/>
                <label name='thread' value='0-0'/>
            </labels>
            <parameters>
                <parameter kind='argument' name='browser' value='chrome-97.0.4692.99'/>
            </parameters>
            <steps>
                <step start='1642844311789' status='broken' stop='1642844312116'>
                    <name>GET /session/:sessionId/screenshot</name>
                    <title>GET /session/:sessionId/screenshot</title>
                    <attachments/>
                    <steps>
                        <step start='1642844311791' status='passed' stop='1642844312109'>
                            <name>POST /session/:sessionId/element</name>
                            <title>POST /session/:sessionId/element</title>
                            <attachments>
                                <attachment title='Request' source='c4dbd88b-de32-46de-8aca-ddc446706f89-attachment.json' type='application/json' size='71'/>
                                <attachment title='Screenshot' source='54bf73ac-c3f8-4d9c-a181-a64c1dafbf58-attachment.png' type='image/png' size='374402'/>
                            </attachments>
                            <steps/>
                        </step>
                    </steps>
                </step>
            </steps>
            <attachments>
                <attachment title='Response' source='7a9b4e03-3afc-402c-b758-9eee6364b54a-attachment.json' type='application/json' size='1045'/>
            </attachments>
            <failure>
                <message>value is not defined</message>
                <stack-trace>ReferenceError: value is not defined
                    at Context.&lt;anonymous> (C:\Users\Ihar_Vaskaboinikau\Desktop\WebdriverIO-Mocha-JS\test\specs\/qaTask1.js:69:14)
                    at Context.executeAsync (C:\Users\Ihar_Vaskaboinikau\Desktop\WebdriverIO-Mocha-JS\node_modules\@wdio\utils\build\shim.js:325:27)
                    at Context.testFrameworkFnWrapper (C:\Users\Ihar_Vaskaboinikau\Desktop\WebdriverIO-Mocha-JS\node_modules\@wdio\utils\build\test-framework\testFnWrapper.js:45:32)</stack-trace>
            </failure>
        </test-case>
    </test-cases>
</ns2:test-suite>