<?xml version='1.0'?>
<ns2:test-suite xmlns:ns2='urn:model.allure.qatools.yandex.ru' start='1642845564684' stop='1642845565715'>
    <name>working with created email</name>
    <title>working with created email</title>
    <test-cases>
        <test-case start='1642845564684' status='passed' stop='1642845564869'>
            <name>should verify that created email is in draft folder</name>
            <title>should verify that created email is in draft folder</title>
            <labels>
                <label name='language' value='javascript'/>
                <label name='framework' value='wdio'/>
                <label name='thread' value='0-0'/>
            </labels>
            <parameters>
                <parameter kind='argument' name='browser' value='chrome-97.0.4692.99'/>
            </parameters>
            <steps>
                <step start='1642845564685' status='passed' stop='1642845564703'>
                    <name>POST /session/:sessionId/element</name>
                    <title>POST /session/:sessionId/element</title>
                    <attachments>
                        <attachment title='Request' source='d599f2a7-41ec-4172-b8ef-9a25efe22096-attachment.json' type='application/json' size='77'/>
                        <attachment title='Response' source='63e1d95f-764d-4634-a173-83d6f678d5eb-attachment.json' type='application/json' size='83'/>
                    </attachments>
                    <steps/>
                </step>
                <step start='1642845564705' status='passed' stop='1642845564869'>
                    <name>POST /session/:sessionId/element/753bdf13-8ac6-45e8-ac2f-e9b7869a2255/click</name>
                    <title>POST /session/:sessionId/element/753bdf13-8ac6-45e8-ac2f-e9b7869a2255/click</title>
                    <attachments/>
                    <steps/>
                </step>
            </steps>
            <attachments/>
        </test-case>
        <test-case start='1642845564870' status='broken' stop='1642845565504'>
            <name>should open last email in drafts</name>
            <title>should open last email in drafts</title>
            <labels>
                <label name='language' value='javascript'/>
                <label name='framework' value='wdio'/>
                <label name='thread' value='0-0'/>
            </labels>
            <parameters>
                <parameter kind='argument' name='browser' value='chrome-97.0.4692.99'/>
            </parameters>
            <steps>
                <step start='1642845564870' status='passed' stop='1642845565003'>
                    <name>POST /session/:sessionId/element</name>
                    <title>POST /session/:sessionId/element</title>
                    <attachments>
                        <attachment title='Request' source='7e069f98-c6ab-4ced-9f74-91f7685739a1-attachment.json' type='application/json' size='86'/>
                        <attachment title='Response' source='88a06f37-95fd-4b2b-879c-a1036eb00ed0-attachment.json' type='application/json' size='1060'/>
                    </attachments>
                    <steps/>
                </step>
                <step start='1642845565003' status='broken' stop='1642845565504'>
                    <name>POST /session/:sessionId/element</name>
                    <title>POST /session/:sessionId/element</title>
                    <attachments>
                        <attachment title='Request' source='aa241d1b-843a-4098-80be-5c272fc8faeb-attachment.json' type='application/json' size='1177'/>
                    </attachments>
                    <steps>
                        <step start='1642845565180' status='passed' stop='1642845565503'>
                            <name>GET /session/:sessionId/screenshot</name>
                            <title>GET /session/:sessionId/screenshot</title>
                            <attachments>
                                <attachment title='Screenshot' source='31c9f659-b356-4b7e-8a53-b70379ce4660-attachment.png' type='image/png' size='332599'/>
                            </attachments>
                            <steps/>
                        </step>
                    </steps>
                </step>
            </steps>
            <attachments/>
            <failure>
                <message>invalid argument: invalid locator
                  (Session info: chrome=97.0.4692.99)</message>
                <stack-trace>Backtrace:
                	Ordinal0 [0x00FBFDC3+2555331]
                	Ordinal0 [0x00F577F1+2127857]
                	Ordinal0 [0x00E52E08+1060360]
                	Ordinal0 [0x00E7E61A+1238554]
                	Ordinal0 [0x00E7E69B+1238683]
                	Ordinal0 [0x00EA9252+1413714]
                	Ordinal0 [0x00E97B54+1342292]
                	Ordinal0 [0x00EA75FA+1406458]
                	Ordinal0 [0x00E97976+1341814]
                	Ordinal0 [0x00E736B6+1193654]
                	Ordinal0 [0x00E74546+1197382]
                	GetHandleVerifier [0x01159622+1619522]
                	GetHandleVerifier [0x0120882C+2336844]
                	GetHandleVerifier [0x010523E1+541697]
                	GetHandleVerifier [0x01051443+537699]
                	Ordinal0 [0x00F5D18E+2150798]
                	Ordinal0 [0x00F61518+2168088]
                	Ordinal0 [0x00F61660+2168416]
                	Ordinal0 [0x00F6B330+2208560]
                	BaseThreadInitThunk [0x74FDFA29+25]
                	RtlGetAppContainerNamedObjectPath [0x77167A9E+286]
                	RtlGetAppContainerNamedObjectPath [0x77167A6E+238]
                </stack-trace>
            </failure>
        </test-case>
        <test-case start='1642845565505' status='broken' stop='1642845565707'>
            <name>should verify that body of draft email is correct</name>
            <title>should verify that body of draft email is correct</title>
            <labels>
                <label name='language' value='javascript'/>
                <label name='framework' value='wdio'/>
                <label name='thread' value='0-0'/>
            </labels>
            <parameters>
                <parameter kind='argument' name='browser' value='chrome-97.0.4692.99'/>
            </parameters>
            <steps>
                <step start='1642845565505' status='broken' stop='1642845565707'>
                    <name>GET /session/:sessionId/screenshot</name>
                    <title>GET /session/:sessionId/screenshot</title>
                    <attachments/>
                    <steps>
                        <step start='1642845565506' status='passed' stop='1642845565701'>
                            <name>POST /session/:sessionId/element</name>
                            <title>POST /session/:sessionId/element</title>
                            <attachments>
                                <attachment title='Request' source='137d675d-9625-4cd8-8957-d59c90ca1406-attachment.json' type='application/json' size='79'/>
                                <attachment title='Screenshot' source='4ef29f41-4b3c-4ddd-91ab-847fa7019be3-attachment.png' type='image/png' size='332813'/>
                            </attachments>
                            <steps/>
                        </step>
                    </steps>
                </step>
            </steps>
            <attachments>
                <attachment title='Response' source='4ca895cf-6ee2-4be3-991a-2a4c72f45a04-attachment.json' type='application/json' size='1053'/>
            </attachments>
            <failure>
                <message>inputSubject is not defined</message>
                <stack-trace>ReferenceError: inputSubject is not defined
                    at Context.&lt;anonymous> (C:\Users\Ihar_Vaskaboinikau\Desktop\WebdriverIO-Mocha-JS\test\specs\/qaTask1.js:72:9)
                    at Context.executeAsync (C:\Users\Ihar_Vaskaboinikau\Desktop\WebdriverIO-Mocha-JS\node_modules\@wdio\utils\build\shim.js:325:27)
                    at Context.testFrameworkFnWrapper (C:\Users\Ihar_Vaskaboinikau\Desktop\WebdriverIO-Mocha-JS\node_modules\@wdio\utils\build\test-framework\testFnWrapper.js:45:32)</stack-trace>
            </failure>
        </test-case>
    </test-cases>
</ns2:test-suite>